<?xml version="1.0" encoding="UTF-8"?>
<!-- Generated by org.testng.reporters.JUnitXMLReporter -->
<testsuite ignored="0" hostname="CDWILT004" failures="0"
	tests="6" name="IterateWindow" time="15.196" errors="0"
	timestamp="2022-09-22T15:50:40 SGT">
	<testcase classname="baseUtilities.TestIterateWindow"
		name="toSite" time="2.957" />
	<testcase classname="baseUtilities.TestIterateWindow"
		name="openNewWindow" time="1.608" />
	<testcase classname="baseUtilities.TestIterateWindow"
		name="doSomething" time="3.083" />
	<testcase classname="baseUtilities.TestIterateWindow"
		name="openNewWindow2" time="3.066" />
	<testcase classname="baseUtilities.TestIterateWindow"
		name="closeBrowsers" time="1.545" />
	<testcase classname="baseUtilities.TestIterateWindow"
		name="backToDefault" time="0.009" />
</testsuite> <!-- IterateWindow -->
