<?xml version="1.0" encoding="UTF-8"?>
<!-- Generated by org.testng.reporters.JUnitXMLReporter -->
<testsuite ignored="0" hostname="CDWILT004" failures="0" tests="4" name="Slots Game Test" time="169.378" errors="0" timestamp="2022-09-23T12:14:44 SGT">
  <testcase classname="runnerSlots002.CQ9SlotsGame" name="goToSite" time="1.566"/>
  <testcase classname="runnerSlots002.CQ9SlotsGame" name="login" time="5.211"/>
  <testcase classname="runnerSlots002.CQ9SlotsGame" name="selectCategory" time="1.914"/>
  <testcase classname="runnerSlots002.CQ9SlotsGame" name="selectCQ9VendorAndGame" time="157.283"/>
</testsuite> <!-- Slots Game Test -->
