<?xml version="1.0" encoding="UTF-8"?>
<!-- Generated by org.testng.reporters.JUnitXMLReporter -->
<testsuite ignored="0" hostname="CDWILT004" failures="0"
	tests="4" name="ESports Game Test" time="27.381" errors="0"
	timestamp="2022-09-20T14:34:44 SGT">
	<testcase classname="runners.ESportsGame" name="goToSite"
		time="1.647" />
	<testcase classname="runners.ESportsGame" name="login"
		time="7.498" />
	<testcase classname="runners.ESportsGame"
		name="selectCategory" time="1.147" />
	<testcase classname="runners.ESportsGame" name="selectVendor"
		time="15.017" />
</testsuite> <!-- ESports Game Test -->
