<?xml version="1.0" encoding="UTF-8"?>
<!-- Generated by org.testng.reporters.JUnitXMLReporter -->
<testsuite ignored="0" hostname="CDWILT004" failures="0"
	tests="4" name="Sikuli Test" time="10.461" errors="0"
	timestamp="2022-09-22T10:57:56 SGT">
	<testcase classname="runners.TestSikuli" name="goToSite"
		time="1.409" />
	<testcase classname="runners.TestSikuli" name="login"
		time="3.813" />
	<testcase classname="runners.TestSikuli" name="selectCategory"
		time="0.922" />
	<testcase classname="runners.TestSikuli" name="selectVendor"
		time="0.261" />
</testsuite> <!-- Sikuli Test -->
