<?xml version="1.0" encoding="UTF-8"?>
<!-- Generated by org.testng.reporters.JUnitXMLReporter -->
<testsuite ignored="0" hostname="CDWILT004" failures="0"
	tests="2" name="Test" time="4.243" errors="0"
	timestamp="2022-09-16T16:17:58 SGT">
	<testcase classname="runners.SportsGame"
		name="@AfterMethod logCaseStatus" time="0.003">
		<failure type="java.lang.NullPointerException"
			message="Cannot invoke &amp;quot;com.aventstack.extentreports.ExtentTest.pass(String)&amp;quot; because the return value of &amp;quot;baseUtitlies.ReportCreator.getExtentTest()&amp;quot; is null">
      <![CDATA[java.lang.NullPointerException: Cannot invoke "com.aventstack.extentreports.ExtentTest.pass(String)" because the return value of "baseUtitlies.ReportCreator.getExtentTest()" is null
at baseUtitlies.ResultListener.logCaseStatus(ResultListener.java:19)
at runners.SportsGame.logCaseStatus(SportsGame.java:53)
at java.base/java.util.ArrayList.forEach(ArrayList.java:1511)
... Removed 32 stack frames]]>
		</failure>
	</testcase> <!-- @AfterMethod logCaseStatus -->
	<testcase classname="runners.SportsGame"
		name="@AfterMethod logCaseStatus" time="-1.663316278003E9">
		<skipped />
	</testcase> <!-- @AfterMethod logCaseStatus -->
	<testcase classname="runners.SportsGame"
		name="@AfterClass stopDriver" time="-1.663316278008E9">
		<skipped />
	</testcase> <!-- @AfterClass stopDriver -->
	<testcase classname="runners.SportsGame" name="goToSite"
		time="1.384" />
	<testcase classname="runners.SportsGame" name="login"
		time="0.0">
		<skipped />
	</testcase> <!-- login -->
</testsuite> <!-- Test -->
