<?xml version="1.0" encoding="UTF-8"?>
<!-- Generated by org.testng.reporters.JUnitXMLReporter -->
<testsuite ignored="0" hostname="CDWILT004" failures="0" tests="4" name="Slots Game Test" time="74.989" errors="0" timestamp="2022-09-19T15:49:56 SGT">
  <testcase classname="runners.SlotsGame" name="goToSite" time="1.325"/>
  <testcase classname="runners.SlotsGame" name="login" time="7.081"/>
  <testcase classname="runners.SlotsGame" name="selectCategory" time="0.84"/>
  <testcase classname="runners.SlotsGame" name="selectVendor" time="62.072"/>
</testsuite> <!-- Slots Game Test -->
