<?xml version="1.0" encoding="UTF-8"?>
<!-- Generated by org.testng.reporters.JUnitXMLReporter -->
<testsuite ignored="0" hostname="CDWILT004" failures="0"
	tests="4" name="Sports Game Test" time="17.419" errors="0"
	timestamp="2022-09-20T14:33:32 SGT">
	<testcase classname="runners.SportsGame" name="goToSite"
		time="1.89" />
	<testcase classname="runners.SportsGame" name="login"
		time="7.305" />
	<testcase classname="runners.SportsGame" name="selectCategory"
		time="0.911" />
	<testcase classname="runners.SportsGame" name="selectVendor"
		time="4.209" />
</testsuite> <!-- Sports Game Test -->
