<?xml version="1.0" encoding="UTF-8"?>
<!-- Generated by org.testng.reporters.JUnitXMLReporter -->
<testsuite ignored="0" hostname="CDWILT004" failures="0" tests="4" name="Sports Game Test" time="17.798" errors="0" timestamp="2022-09-19T13:29:59 SGT">
  <testcase classname="runners.PokerGame" name="goToSite" time="1.324"/>
  <testcase classname="runners.PokerGame" name="login" time="6.868"/>
  <testcase classname="runners.PokerGame" name="selectCategory" time="1.209"/>
  <testcase classname="runners.PokerGame" name="selectVendor" time="5.374"/>
</testsuite> <!-- Sports Game Test -->
