<?xml version="1.0" encoding="UTF-8"?>
<!-- Generated by org.testng.reporters.JUnitXMLReporter -->
<testsuite ignored="0" hostname="CDWILT004" failures="0"
	tests="4" name="Live Game Test" time="11.544" errors="0"
	timestamp="2022-09-20T14:33:44 SGT">
	<testcase classname="runners.LiveGame" name="goToSite"
		time="1.374" />
	<testcase classname="runners.LiveGame" name="login"
		time="6.967" />
	<testcase classname="runners.LiveGame" name="selectCategory"
		time="0.913" />
	<testcase classname="runners.LiveGame" name="selectVendor"
		time="0.0" />
</testsuite> <!-- Live Game Test -->
