<?xml version="1.0" encoding="UTF-8"?>
<!-- Generated by org.testng.reporters.JUnitXMLReporter -->
<testsuite ignored="0" hostname="CDWILT004" failures="0" tests="4" name="Live Game Test" time="14.135" errors="0" timestamp="2022-09-19T13:23:46 SGT">
  <testcase classname="runners.LiveGame" name="goToSite" time="1.399"/>
  <testcase classname="runners.LiveGame" name="login" time="8.76"/>
  <testcase classname="runners.LiveGame" name="selectCategory" time="0.991"/>
  <testcase classname="runners.LiveGame" name="selectVendor" time="0.001"/>
</testsuite> <!-- Live Game Test -->
