<?xml version="1.0" encoding="UTF-8"?>
<!-- Generated by org.testng.reporters.JUnitXMLReporter -->
<testsuite ignored="0" hostname="CDWILT004" failures="0"
	tests="4" name="Lottery Game Test" time="29.512" errors="0"
	timestamp="2022-09-20T11:42:25 SGT">
	<testcase classname="runners.LotteryGame" name="goToSite"
		time="1.437" />
	<testcase classname="runners.LotteryGame" name="login"
		time="7.955" />
	<testcase classname="runners.LotteryGame"
		name="selectCategory" time="0.854" />
	<testcase classname="runners.LotteryGame" name="selectVendor"
		time="16.329" />
</testsuite> <!-- Lottery Game Test -->
