<?xml version="1.0" encoding="UTF-8"?>
<!-- Generated by org.testng.reporters.JUnitXMLReporter -->
<testsuite ignored="0" hostname="CDWILT004" failures="0"
	tests="4" name="Poker Game Test" time="16.204" errors="0"
	timestamp="2022-09-20T14:34:00 SGT">
	<testcase classname="runners.PokerGame" name="goToSite"
		time="1.211" />
	<testcase classname="runners.PokerGame" name="login"
		time="6.902" />
	<testcase classname="runners.PokerGame" name="selectCategory"
		time="1.076" />
	<testcase classname="runners.PokerGame" name="selectVendor"
		time="4.785" />
</testsuite> <!-- Poker Game Test -->
