<?xml version="1.0" encoding="UTF-8"?>
<!-- Generated by org.testng.reporters.JUnitXMLReporter -->
<testsuite ignored="0" hostname="CDWILT004" failures="0" tests="4" name="BBINLive" time="89.386" errors="0" timestamp="2022-10-04T11:07:47 SGT">
  <testcase classname="runnerLive003.BBINLiveGame" name="goToSite" time="3.347"/>
  <testcase classname="runnerLive003.BBINLiveGame" name="login" time="5.293"/>
  <testcase classname="runnerLive003.BBINLiveGame" name="selectCategory" time="1.488"/>
  <testcase classname="runnerLive003.BBINLiveGame" name="selectBBINVendorAndGame" time="74.845"/>
</testsuite> <!-- BBINLive -->
