<?xml version="1.0" encoding="UTF-8"?>
<!-- Generated by org.testng.reporters.JUnitXMLReporter -->
<testsuite ignored="0" hostname="CDWILT004" failures="0" tests="4" name="BBINLive" time="78.739" errors="0" timestamp="2022-09-30T15:44:27 SGT">
  <testcase classname="runnerLive003.BBINLiveGame" name="goToSite" time="2.96"/>
  <testcase classname="runnerLive003.BBINLiveGame" name="login" time="5.642"/>
  <testcase classname="runnerLive003.BBINLiveGame" name="selectCategory" time="1.533"/>
  <testcase classname="runnerLive003.BBINLiveGame" name="selectBBINVendorAndGame" time="65.377"/>
</testsuite> <!-- BBINLive -->
