<?xml version="1.0" encoding="UTF-8"?>
<!-- Generated by org.testng.reporters.JUnitXMLReporter -->
<testsuite ignored="0" hostname="CDWILT004" failures="0"
	tests="4" name="Fish Game Test" time="37.348" errors="0"
	timestamp="2022-09-20T17:46:19 SGT">
	<testcase classname="runners.FishGame" name="goToSite"
		time="5.845" />
	<testcase classname="runners.FishGame" name="login"
		time="8.916" />
	<testcase classname="runners.FishGame" name="selectCategory"
		time="1.179" />
	<testcase classname="runners.FishGame" name="selectVendor"
		time="17.418" />
</testsuite> <!-- Fish Game Test -->
