<?xml version="1.0" encoding="UTF-8"?>
<!-- Generated by org.testng.reporters.JUnitXMLReporter -->
<testsuite ignored="1" hostname="CDWILT004" failures="1"
	tests="2" name="SportsGame" time="4.103" errors="0"
	timestamp="2022-09-19T10:53:26 SGT">
	<testcase classname="runners.SportsGame" name="goToSite"
		time="1.271" />
	<testcase classname="runners.SportsGame" name="selectGame"
		time="0.0">
		<failure type="org.testng.TestNGException"
			message="
Parameter &amp;apos;sportsMaster&amp;apos; is required by @Test on method selectGame but has not been marked @Optional or defined
in D:\Eclipse WorkSpace\AutomationWEBGameTestingInNewFramework\masterTestng.xml">
      <![CDATA[org.testng.TestNGException: 
Parameter 'sportsMaster' is required by @Test on method selectGame but has not been marked @Optional or defined
in D:\Eclipse WorkSpace\AutomationWEBGameTestingInNewFramework\masterTestng.xml
at java.base/java.util.ArrayList.forEach(ArrayList.java:1511)
... Removed 26 stack frames]]>
		</failure>
	</testcase> <!-- selectGame -->
	<testcase classname="runners.SportsGame" name="login"
		time="0.0">
		<ignored />
	</testcase> <!-- login -->
</testsuite> <!-- SportsGame -->
