<?xml version="1.0" encoding="UTF-8"?>
<testng-results ignored="0" total="4" passed="4" failed="0" skipped="0">
  <reporter-output>
  </reporter-output>
  <suite started-at="2022-09-19T15:09:51 SGT" name="Suite-SGT" finished-at="2022-09-19T15:09:51 SGT" duration-ms="0">
    <groups>
    </groups>
  </suite> <!-- Suite-SGT -->
  <suite started-at="2022-09-19T15:09:23 SGT" name="Suite-SGT (0)" finished-at="2022-09-19T15:09:51 SGT" duration-ms="28143">
    <groups>
      <group name="login">
        <method signature="SlotsGame.login(java.lang.String)[pri:1, instance:runners.SlotsGame@2187fff7]" name="login" class="runners.SlotsGame"/>
      </group> <!-- login -->
    </groups>
    <test started-at="2022-09-19T15:09:23 SGT" name="Slots Game Test" finished-at="2022-09-19T15:09:51 SGT" duration-ms="28143">
      <class name="runners.SlotsGame">
        <test-method is-config="true" signature="startReportAndSetProperty(java.lang.String,java.lang.String,java.lang.String,java.lang.String)[pri:0, instance:runners.SlotsGame@2187fff7]" started-at="2022-09-19T15:09:23 SGT" name="startReportAndSetProperty" finished-at="2022-09-19T15:09:25 SGT" duration-ms="2090" status="PASS">
          <params>
            <param index="0">
              <value>
                <![CDATA[Web]]>
              </value>
            </param>
            <param index="1">
              <value>
                <![CDATA[Chrome]]>
              </value>
            </param>
            <param index="2">
              <value>
                <![CDATA[JDK/JSE 17]]>
              </value>
            </param>
            <param index="3">
              <value>
                <![CDATA[Jordan]]>
              </value>
            </param>
          </params>
          <reporter-output>
          </reporter-output>
        </test-method> <!-- startReportAndSetProperty -->
        <test-method signature="goToSite(java.lang.String)[pri:0, instance:runners.SlotsGame@2187fff7]" started-at="2022-09-19T15:09:25 SGT" name="goToSite" finished-at="2022-09-19T15:09:27 SGT" duration-ms="1432" status="PASS">
          <params>
            <param index="0">
              <value>
                <![CDATA[https://wltestmembersite.the777888.com]]>
              </value>
            </param>
          </params>
          <reporter-output>
          </reporter-output>
        </test-method> <!-- goToSite -->
        <test-method is-config="true" signature="logCaseStatus(org.testng.ITestResult)[pri:0, instance:runners.SlotsGame@2187fff7]" started-at="2022-09-19T15:09:27 SGT" name="logCaseStatus" finished-at="2022-09-19T15:09:27 SGT" duration-ms="8" status="PASS">
          <params>
            <param index="0">
              <value>
                <![CDATA[[TestResult name=goToSite status=SUCCESS method=SlotsGame.goToSite(java.lang.String)[pri:0, instance:runners.SlotsGame@2187fff7] output={null}]]]>
              </value>
            </param>
          </params>
          <reporter-output>
          </reporter-output>
        </test-method> <!-- logCaseStatus -->
        <test-method signature="login(java.lang.String)[pri:1, instance:runners.SlotsGame@2187fff7]" started-at="2022-09-19T15:09:27 SGT" name="login" finished-at="2022-09-19T15:09:34 SGT" duration-ms="7374" status="PASS">
          <params>
            <param index="0">
              <value>
                <![CDATA[qctestergame001]]>
              </value>
            </param>
          </params>
          <reporter-output>
          </reporter-output>
        </test-method> <!-- login -->
        <test-method is-config="true" signature="logCaseStatus(org.testng.ITestResult)[pri:0, instance:runners.SlotsGame@2187fff7]" started-at="2022-09-19T15:09:34 SGT" name="logCaseStatus" finished-at="2022-09-19T15:09:34 SGT" duration-ms="0" status="PASS">
          <params>
            <param index="0">
              <value>
                <![CDATA[[TestResult name=login status=SUCCESS method=SlotsGame.login(java.lang.String)[pri:1, instance:runners.SlotsGame@2187fff7] output={null}]]]>
              </value>
            </param>
          </params>
          <reporter-output>
          </reporter-output>
        </test-method> <!-- logCaseStatus -->
        <test-method signature="selectCategory(java.lang.String)[pri:2, instance:runners.SlotsGame@2187fff7]" started-at="2022-09-19T15:09:34 SGT" name="selectCategory" finished-at="2022-09-19T15:09:35 SGT" duration-ms="884" status="PASS">
          <params>
            <param index="0">
              <value>
                <![CDATA[3]]>
              </value>
            </param>
          </params>
          <reporter-output>
          </reporter-output>
        </test-method> <!-- selectCategory -->
        <test-method is-config="true" signature="logCaseStatus(org.testng.ITestResult)[pri:0, instance:runners.SlotsGame@2187fff7]" started-at="2022-09-19T15:09:35 SGT" name="logCaseStatus" finished-at="2022-09-19T15:09:35 SGT" duration-ms="1" status="PASS">
          <params>
            <param index="0">
              <value>
                <![CDATA[[TestResult name=selectCategory status=SUCCESS method=SlotsGame.selectCategory(java.lang.String)[pri:2, instance:runners.SlotsGame@2187fff7] output={null}]]]>
              </value>
            </param>
          </params>
          <reporter-output>
          </reporter-output>
        </test-method> <!-- logCaseStatus -->
        <test-method signature="selectVendor(java.lang.String,java.lang.String,java.lang.String,java.lang.String,java.lang.String,java.lang.String,java.lang.String,java.lang.String,int)[pri:3, instance:runners.SlotsGame@2187fff7]" started-at="2022-09-19T15:09:35 SGT" name="selectVendor" finished-at="2022-09-19T15:09:49 SGT" duration-ms="14530" status="PASS">
          <params>
            <param index="0">
              <value>
                <![CDATA[pgsoft]]>
              </value>
            </param>
            <param index="1">
              <value>
                <![CDATA[LK SLOT MYR]]>
              </value>
            </param>
            <param index="2">
              <value>
                <![CDATA[麻将胡了]]>
              </value>
            </param>
            <param index="3">
              <value>
                <![CDATA[后羿射日]]>
              </value>
            </param>
            <param index="4">
              <value>
                <![CDATA[拳霸]]>
              </value>
            </param>
            <param index="5">
              <value>
                <![CDATA[WIP]]>
              </value>
            </param>
            <param index="6">
              <value>
                <![CDATA[WIP]]>
              </value>
            </param>
            <param index="7">
              <value>
                <![CDATA[WIP]]>
              </value>
            </param>
            <param index="8">
              <value>
                <![CDATA[2000]]>
              </value>
            </param>
          </params>
          <reporter-output>
          </reporter-output>
        </test-method> <!-- selectVendor -->
        <test-method is-config="true" signature="logCaseStatus(org.testng.ITestResult)[pri:0, instance:runners.SlotsGame@2187fff7]" started-at="2022-09-19T15:09:49 SGT" name="logCaseStatus" finished-at="2022-09-19T15:09:49 SGT" duration-ms="2" status="PASS">
          <params>
            <param index="0">
              <value>
                <![CDATA[[TestResult name=selectVendor status=SUCCESS method=SlotsGame.selectVendor(java.lang.String,java.lang.String,java.lang.String,java.lang.String,java.lang.String,java.lang.String,java.lang.String,java.lang.String,int)[pri:3, instance:runners.SlotsGame@2187fff7] output={null}]]]>
              </value>
            </param>
          </params>
          <reporter-output>
          </reporter-output>
        </test-method> <!-- logCaseStatus -->
        <test-method is-config="true" signature="stopDriver()[pri:0, instance:runners.SlotsGame@2187fff7]" started-at="2022-09-19T15:09:49 SGT" name="stopDriver" finished-at="2022-09-19T15:09:51 SGT" duration-ms="1749" status="PASS">
          <reporter-output>
          </reporter-output>
        </test-method> <!-- stopDriver -->
      </class> <!-- runners.SlotsGame -->
    </test> <!-- Slots Game Test -->
  </suite> <!-- Suite-SGT (0) -->
</testng-results>
