<?xml version="1.0" encoding="UTF-8"?>
<!-- Generated by org.testng.reporters.JUnitXMLReporter -->
<testsuite ignored="0" hostname="DESKTOP-7UGQK8A" failures="1" tests="4" name="PGSOFTSLots" time="14.973" errors="0" timestamp="2022-09-26T11:02:25 SGT">
  <testcase classname="runnerSlots002.PGSOFTSlotsGame" name="goToSite" time="3.231"/>
  <testcase classname="runnerSlots002.PGSOFTSlotsGame" name="login" time="4.301"/>
  <testcase classname="runnerSlots002.PGSOFTSlotsGame" name="selectCategory" time="4.929"/>
  <testcase classname="runnerSlots002.PGSOFTSlotsGame" name="selectPGSOFTVendorAndGame" time="0.0">
    <failure type="org.testng.TestNGException" message="
Parameter &amp;apos;cq9Game1&amp;apos; is required by @Test on method selectPGSOFTVendorAndGame but has not been marked @Optional or defined
in C:\Eclipse-Workspace\AutomationWEBGameTestingInNewFramework\GameTestNG\Slots\slotsPGSOFT.xml">
      <![CDATA[org.testng.TestNGException: 
Parameter 'cq9Game1' is required by @Test on method selectPGSOFTVendorAndGame but has not been marked @Optional or defined
in C:\Eclipse-Workspace\AutomationWEBGameTestingInNewFramework\GameTestNG\Slots\slotsPGSOFT.xml
at java.base/java.util.ArrayList.forEach(ArrayList.java:1511)
... Removed 27 stack frames]]>
    </failure>
  </testcase> <!-- selectPGSOFTVendorAndGame -->
</testsuite> <!-- PGSOFTSLots -->
