<?xml version="1.0" encoding="UTF-8"?>
<!-- Generated by org.testng.reporters.JUnitXMLReporter -->
<testsuite ignored="0" hostname="DESKTOP-7UGQK8A" failures="0" tests="4" name="CQ9SLots" time="122.183" errors="0" timestamp="2022-09-26T12:12:36 SGT">
  <testcase classname="runnerSlots002.CQ9SlotsGame" name="goToSite" time="3.242"/>
  <testcase classname="runnerSlots002.CQ9SlotsGame" name="login" time="4.901"/>
  <testcase classname="runnerSlots002.CQ9SlotsGame" name="selectCategory" time="2.991"/>
  <testcase classname="runnerSlots002.CQ9SlotsGame" name="selectCQ9VendorAndGame" time="108.36"/>
</testsuite> <!-- CQ9SLots -->
