<?xml version="1.0" encoding="UTF-8"?>
<!-- Generated by org.testng.reporters.JUnitXMLReporter -->
<testsuite ignored="0" hostname="CDWILT004" failures="0"
	tests="4" name="Lottery Game Test" time="16.978" errors="0"
	timestamp="2022-09-20T14:34:17 SGT">
	<testcase classname="runners.LotteryGame" name="goToSite"
		time="1.391" />
	<testcase classname="runners.LotteryGame" name="login"
		time="7.112" />
	<testcase classname="runners.LotteryGame"
		name="selectCategory" time="0.949" />
	<testcase classname="runners.LotteryGame" name="selectVendor"
		time="5.561" />
</testsuite> <!-- Lottery Game Test -->
